<?xml version="1.0" encoding="UTF-8"?>
<testng-results ignored="0" total="2" passed="2" failed="0" skipped="0">
  <reporter-output>
  </reporter-output>
  <suite started-at="2020-11-06T20:43:44 EST" name="Default suite" finished-at="2020-11-06T20:43:44 EST" duration-ms="52">
    <groups>
    </groups>
    <test started-at="2020-11-06T20:43:44 EST" name="Default test" finished-at="2020-11-06T20:43:44 EST" duration-ms="52">
      <class name="TestNg.AllAnnotations">
        <test-method is-config="true" signature="Beforeclass()[pri:0, instance:TestNg.AllAnnotations@15761df8]" started-at="2020-11-06T20:43:44 EST" name="Beforeclass" finished-at="2020-11-06T20:43:44 EST" duration-ms="8" status="PASS">
          <reporter-output>
          </reporter-output>
        </test-method> <!-- Beforeclass -->
        <test-method is-config="true" signature="BeforeMethod1()[pri:0, instance:TestNg.AllAnnotations@15761df8]" started-at="2020-11-06T20:43:44 EST" name="BeforeMethod1" finished-at="2020-11-06T20:43:44 EST" duration-ms="1" status="PASS">
          <reporter-output>
          </reporter-output>
        </test-method> <!-- BeforeMethod1 -->
        <test-method signature="Method1()[pri:1, instance:TestNg.AllAnnotations@15761df8]" started-at="2020-11-06T20:43:44 EST" name="Method1" finished-at="2020-11-06T20:43:44 EST" duration-ms="5" status="PASS">
          <reporter-output>
          </reporter-output>
        </test-method> <!-- Method1 -->
        <test-method is-config="true" signature="AfterMethod1()[pri:0, instance:TestNg.AllAnnotations@15761df8]" started-at="2020-11-06T20:43:44 EST" name="AfterMethod1" finished-at="2020-11-06T20:43:44 EST" duration-ms="0" status="PASS">
          <reporter-output>
          </reporter-output>
        </test-method> <!-- AfterMethod1 -->
        <test-method signature="Method()[pri:2, instance:TestNg.AllAnnotations@15761df8]" started-at="2020-11-06T20:43:44 EST" name="Method" finished-at="2020-11-06T20:43:44 EST" duration-ms="1" status="PASS">
          <reporter-output>
          </reporter-output>
        </test-method> <!-- Method -->
        <test-method is-config="true" signature="BeforeMethod1()[pri:0, instance:TestNg.AllAnnotations@15761df8]" started-at="2020-11-06T20:43:44 EST" name="BeforeMethod1" finished-at="2020-11-06T20:43:44 EST" duration-ms="0" status="PASS">
          <reporter-output>
          </reporter-output>
        </test-method> <!-- BeforeMethod1 -->
        <test-method is-config="true" signature="Afterclass()[pri:0, instance:TestNg.AllAnnotations@15761df8]" started-at="2020-11-06T20:43:44 EST" name="Afterclass" finished-at="2020-11-06T20:43:44 EST" duration-ms="1" status="PASS">
          <reporter-output>
          </reporter-output>
        </test-method> <!-- Afterclass -->
        <test-method is-config="true" signature="AfterMethod1()[pri:0, instance:TestNg.AllAnnotations@15761df8]" started-at="2020-11-06T20:43:44 EST" name="AfterMethod1" finished-at="2020-11-06T20:43:44 EST" duration-ms="0" status="PASS">
          <reporter-output>
          </reporter-output>
        </test-method> <!-- AfterMethod1 -->
      </class> <!-- TestNg.AllAnnotations -->
    </test> <!-- Default test -->
  </suite> <!-- Default suite -->
</testng-results>
